mode: set
github.com/fitglue/server/src/go/internal/user/firestore_store.go:23.66,25.2 1 0
github.com/fitglue/server/src/go/internal/user/firestore_store.go:27.102,29.16 2 0
github.com/fitglue/server/src/go/internal/user/firestore_store.go:29.16,31.3 1 0
github.com/fitglue/server/src/go/internal/user/firestore_store.go:32.2,33.45 2 0
github.com/fitglue/server/src/go/internal/user/firestore_store.go:33.45,35.3 1 0
github.com/fitglue/server/src/go/internal/user/firestore_store.go:36.2,36.22 1 0
github.com/fitglue/server/src/go/internal/user/firestore_store.go:39.111,40.20 1 0
github.com/fitglue/server/src/go/internal/user/firestore_store.go:40.20,42.3 1 0
github.com/fitglue/server/src/go/internal/user/firestore_store.go:43.2,44.12 2 0
github.com/fitglue/server/src/go/internal/user/firestore_store.go:47.79,51.61 2 0
github.com/fitglue/server/src/go/internal/user/firestore_store.go:51.61,55.7 4 0
github.com/fitglue/server/src/go/internal/user/firestore_store.go:55.7,57.28 2 0
github.com/fitglue/server/src/go/internal/user/firestore_store.go:57.28,58.10 1 0
github.com/fitglue/server/src/go/internal/user/firestore_store.go:60.4,60.18 1 0
github.com/fitglue/server/src/go/internal/user/firestore_store.go:60.18,62.5 1 0
github.com/fitglue/server/src/go/internal/user/firestore_store.go:63.4,66.20 3 0
github.com/fitglue/server/src/go/internal/user/firestore_store.go:66.20,67.48 1 0
github.com/fitglue/server/src/go/internal/user/firestore_store.go:67.48,69.6 1 0
github.com/fitglue/server/src/go/internal/user/firestore_store.go:70.5,71.14 2 0
github.com/fitglue/server/src/go/internal/user/firestore_store.go:74.3,74.16 1 0
github.com/fitglue/server/src/go/internal/user/firestore_store.go:74.16,75.47 1 0
github.com/fitglue/server/src/go/internal/user/firestore_store.go:75.47,77.5 1 0
github.com/fitglue/server/src/go/internal/user/firestore_store.go:79.3,79.13 1 0
github.com/fitglue/server/src/go/internal/user/firestore_store.go:83.2,85.6 3 0
github.com/fitglue/server/src/go/internal/user/firestore_store.go:85.6,87.27 2 0
github.com/fitglue/server/src/go/internal/user/firestore_store.go:87.27,88.9 1 0
github.com/fitglue/server/src/go/internal/user/firestore_store.go:90.3,90.17 1 0
github.com/fitglue/server/src/go/internal/user/firestore_store.go:90.17,92.4 1 0
github.com/fitglue/server/src/go/internal/user/firestore_store.go:93.3,94.50 2 0
github.com/fitglue/server/src/go/internal/user/firestore_store.go:94.50,96.4 1 0
github.com/fitglue/server/src/go/internal/user/firestore_store.go:97.3,98.17 2 0
github.com/fitglue/server/src/go/internal/user/firestore_store.go:98.17,100.4 1 0
github.com/fitglue/server/src/go/internal/user/firestore_store.go:104.2,116.37 2 0
github.com/fitglue/server/src/go/internal/user/firestore_store.go:116.37,117.79 1 0
github.com/fitglue/server/src/go/internal/user/firestore_store.go:117.79,119.4 1 0
github.com/fitglue/server/src/go/internal/user/firestore_store.go:123.2,128.37 2 0
github.com/fitglue/server/src/go/internal/user/firestore_store.go:128.37,130.42 2 0
github.com/fitglue/server/src/go/internal/user/firestore_store.go:130.42,132.4 1 0
github.com/fitglue/server/src/go/internal/user/firestore_store.go:136.2,137.12 2 0
github.com/fitglue/server/src/go/internal/user/firestore_store.go:140.121,148.6 4 0
github.com/fitglue/server/src/go/internal/user/firestore_store.go:148.6,150.27 2 0
github.com/fitglue/server/src/go/internal/user/firestore_store.go:150.27,151.9 1 0
github.com/fitglue/server/src/go/internal/user/firestore_store.go:153.3,153.17 1 0
github.com/fitglue/server/src/go/internal/user/firestore_store.go:153.17,155.4 1 0
github.com/fitglue/server/src/go/internal/user/firestore_store.go:157.3,158.46 2 0
github.com/fitglue/server/src/go/internal/user/firestore_store.go:158.46,160.4 1 0
github.com/fitglue/server/src/go/internal/user/firestore_store.go:161.3,161.34 1 0
github.com/fitglue/server/src/go/internal/user/firestore_store.go:164.2,164.19 1 0
github.com/fitglue/server/src/go/internal/user/firestore_store.go:167.112,169.16 2 0
github.com/fitglue/server/src/go/internal/user/firestore_store.go:169.16,171.3 1 0
github.com/fitglue/server/src/go/internal/user/firestore_store.go:173.2,174.16 2 0
github.com/fitglue/server/src/go/internal/user/firestore_store.go:174.16,177.3 1 0
github.com/fitglue/server/src/go/internal/user/firestore_store.go:179.2,180.16 2 0
github.com/fitglue/server/src/go/internal/user/firestore_store.go:180.16,182.3 1 0
github.com/fitglue/server/src/go/internal/user/firestore_store.go:184.2,186.16 3 0
github.com/fitglue/server/src/go/internal/user/firestore_store.go:186.16,188.3 1 0
github.com/fitglue/server/src/go/internal/user/firestore_store.go:190.2,190.27 1 0
github.com/fitglue/server/src/go/internal/user/firestore_store.go:193.111,201.2 2 0
github.com/fitglue/server/src/go/internal/user/firestore_store.go:203.96,211.2 2 0
github.com/fitglue/server/src/go/internal/user/firestore_store.go:213.102,218.6 4 0
github.com/fitglue/server/src/go/internal/user/firestore_store.go:218.6,220.27 2 0
github.com/fitglue/server/src/go/internal/user/firestore_store.go:220.27,221.9 1 0
github.com/fitglue/server/src/go/internal/user/firestore_store.go:223.3,223.17 1 0
github.com/fitglue/server/src/go/internal/user/firestore_store.go:223.17,225.4 1 0
github.com/fitglue/server/src/go/internal/user/firestore_store.go:227.3,228.50 2 0
github.com/fitglue/server/src/go/internal/user/firestore_store.go:228.50,229.27 1 0
github.com/fitglue/server/src/go/internal/user/firestore_store.go:230.15,231.17 1 0
github.com/fitglue/server/src/go/internal/user/firestore_store.go:232.17,233.24 1 0
github.com/fitglue/server/src/go/internal/user/firestore_store.go:234.13,235.24 1 0
github.com/fitglue/server/src/go/internal/user/firestore_store.go:239.3,240.57 2 0
github.com/fitglue/server/src/go/internal/user/firestore_store.go:240.57,241.36 1 0
github.com/fitglue/server/src/go/internal/user/firestore_store.go:241.36,243.5 1 0
github.com/fitglue/server/src/go/internal/user/firestore_store.go:246.3,250.5 1 0
github.com/fitglue/server/src/go/internal/user/firestore_store.go:252.2,252.22 1 0
github.com/fitglue/server/src/go/internal/user/firestore_store.go:255.125,264.16 4 0
github.com/fitglue/server/src/go/internal/user/firestore_store.go:264.16,266.3 1 0
github.com/fitglue/server/src/go/internal/user/firestore_store.go:268.2,272.8 1 0
github.com/fitglue/server/src/go/internal/user/firestore_store.go:275.124,277.16 2 0
github.com/fitglue/server/src/go/internal/user/firestore_store.go:277.16,279.3 1 0
github.com/fitglue/server/src/go/internal/user/firestore_store.go:281.2,282.16 2 0
github.com/fitglue/server/src/go/internal/user/firestore_store.go:282.16,285.3 1 0
github.com/fitglue/server/src/go/internal/user/firestore_store.go:287.2,288.16 2 0
github.com/fitglue/server/src/go/internal/user/firestore_store.go:288.16,290.3 1 0
github.com/fitglue/server/src/go/internal/user/firestore_store.go:292.2,294.16 3 0
github.com/fitglue/server/src/go/internal/user/firestore_store.go:294.16,296.3 1 0
github.com/fitglue/server/src/go/internal/user/firestore_store.go:298.2,298.20 1 0
github.com/fitglue/server/src/go/internal/user/firestore_store.go:301.131,302.18 1 0
github.com/fitglue/server/src/go/internal/user/firestore_store.go:302.18,304.3 1 0
github.com/fitglue/server/src/go/internal/user/firestore_store.go:307.2,308.16 2 0
github.com/fitglue/server/src/go/internal/user/firestore_store.go:308.16,310.3 1 0
github.com/fitglue/server/src/go/internal/user/firestore_store.go:312.2,313.49 2 0
github.com/fitglue/server/src/go/internal/user/firestore_store.go:313.49,315.3 1 0
github.com/fitglue/server/src/go/internal/user/firestore_store.go:317.2,323.12 2 0
github.com/fitglue/server/src/go/internal/user/firestore_store.go:326.125,330.78 3 0
github.com/fitglue/server/src/go/internal/user/firestore_store.go:330.78,332.17 2 0
github.com/fitglue/server/src/go/internal/user/firestore_store.go:332.17,334.4 1 0
github.com/fitglue/server/src/go/internal/user/firestore_store.go:335.3,336.53 2 0
github.com/fitglue/server/src/go/internal/user/firestore_store.go:336.53,338.4 1 0
github.com/fitglue/server/src/go/internal/user/firestore_store.go:339.3,339.18 1 0
github.com/fitglue/server/src/go/internal/user/firestore_store.go:342.2,342.21 1 0
github.com/fitglue/server/src/go/internal/user/firestore_store.go:342.21,344.17 2 0
github.com/fitglue/server/src/go/internal/user/firestore_store.go:344.17,345.42 1 0
github.com/fitglue/server/src/go/internal/user/firestore_store.go:345.42,347.5 1 0
github.com/fitglue/server/src/go/internal/user/firestore_store.go:348.4,348.19 1 0
github.com/fitglue/server/src/go/internal/user/firestore_store.go:350.3,351.17 2 0
github.com/fitglue/server/src/go/internal/user/firestore_store.go:351.17,353.4 1 0
github.com/fitglue/server/src/go/internal/user/firestore_store.go:354.3,355.18 2 0
github.com/fitglue/server/src/go/internal/user/firestore_store.go:358.2,360.6 3 0
github.com/fitglue/server/src/go/internal/user/firestore_store.go:360.6,362.27 2 0
github.com/fitglue/server/src/go/internal/user/firestore_store.go:362.27,363.9 1 0
github.com/fitglue/server/src/go/internal/user/firestore_store.go:365.3,365.17 1 0
github.com/fitglue/server/src/go/internal/user/firestore_store.go:365.17,367.4 1 0
github.com/fitglue/server/src/go/internal/user/firestore_store.go:368.3,369.17 2 0
github.com/fitglue/server/src/go/internal/user/firestore_store.go:369.17,371.4 1 0
github.com/fitglue/server/src/go/internal/user/firestore_store.go:372.3,372.23 1 0
github.com/fitglue/server/src/go/internal/user/firestore_store.go:374.2,374.17 1 0
github.com/fitglue/server/src/go/internal/user/firestore_store.go:377.117,378.17 1 0
github.com/fitglue/server/src/go/internal/user/firestore_store.go:378.17,380.3 1 0
github.com/fitglue/server/src/go/internal/user/firestore_store.go:381.2,384.12 4 0
github.com/fitglue/server/src/go/internal/user/firestore_store.go:387.97,390.2 2 0
github.com/fitglue/server/src/go/internal/user/firestore_store.go:392.102,418.16 6 0
github.com/fitglue/server/src/go/internal/user/firestore_store.go:418.16,420.3 1 0
github.com/fitglue/server/src/go/internal/user/firestore_store.go:421.2,422.49 2 0
github.com/fitglue/server/src/go/internal/user/firestore_store.go:422.49,424.3 1 0
github.com/fitglue/server/src/go/internal/user/firestore_store.go:427.2,427.40 1 0
github.com/fitglue/server/src/go/internal/user/firestore_store.go:427.40,429.3 1 0
github.com/fitglue/server/src/go/internal/user/firestore_store.go:434.2,435.16 2 0
github.com/fitglue/server/src/go/internal/user/firestore_store.go:435.16,437.3 1 0
github.com/fitglue/server/src/go/internal/user/firestore_store.go:439.2,439.21 1 0
github.com/fitglue/server/src/go/internal/user/service.go:34.110,41.2 1 1
github.com/fitglue/server/src/go/internal/user/service.go:43.110,44.22 1 1
github.com/fitglue/server/src/go/internal/user/service.go:44.22,46.3 1 1
github.com/fitglue/server/src/go/internal/user/service.go:48.2,49.16 2 1
github.com/fitglue/server/src/go/internal/user/service.go:49.16,52.3 2 1
github.com/fitglue/server/src/go/internal/user/service.go:53.2,53.20 1 1
github.com/fitglue/server/src/go/internal/user/service.go:53.20,55.3 1 1
github.com/fitglue/server/src/go/internal/user/service.go:57.2,57.21 1 1
github.com/fitglue/server/src/go/internal/user/service.go:60.116,61.44 1 1
github.com/fitglue/server/src/go/internal/user/service.go:61.44,63.3 1 1
github.com/fitglue/server/src/go/internal/user/service.go:65.2,66.16 2 1
github.com/fitglue/server/src/go/internal/user/service.go:66.16,69.3 2 1
github.com/fitglue/server/src/go/internal/user/service.go:71.2,71.25 1 1
github.com/fitglue/server/src/go/internal/user/service.go:74.105,75.22 1 1
github.com/fitglue/server/src/go/internal/user/service.go:75.22,77.3 1 1
github.com/fitglue/server/src/go/internal/user/service.go:79.2,80.16 2 1
github.com/fitglue/server/src/go/internal/user/service.go:80.16,83.3 2 1
github.com/fitglue/server/src/go/internal/user/service.go:85.2,85.30 1 1
github.com/fitglue/server/src/go/internal/user/service.go:88.128,89.22 1 1
github.com/fitglue/server/src/go/internal/user/service.go:89.22,91.3 1 1
github.com/fitglue/server/src/go/internal/user/service.go:93.2,94.16 2 1
github.com/fitglue/server/src/go/internal/user/service.go:94.16,97.3 2 1
github.com/fitglue/server/src/go/internal/user/service.go:99.2,99.71 1 1
github.com/fitglue/server/src/go/internal/user/service.go:102.113,105.2 1 1
github.com/fitglue/server/src/go/internal/user/service.go:107.119,108.44 1 1
github.com/fitglue/server/src/go/internal/user/service.go:108.44,110.3 1 1
github.com/fitglue/server/src/go/internal/user/service.go:112.2,113.16 2 1
github.com/fitglue/server/src/go/internal/user/service.go:113.16,116.3 2 1
github.com/fitglue/server/src/go/internal/user/service.go:118.2,118.30 1 1
github.com/fitglue/server/src/go/internal/user/service.go:121.127,122.22 1 1
github.com/fitglue/server/src/go/internal/user/service.go:122.22,124.3 1 1
github.com/fitglue/server/src/go/internal/user/service.go:126.2,127.16 2 1
github.com/fitglue/server/src/go/internal/user/service.go:127.16,130.3 2 1
github.com/fitglue/server/src/go/internal/user/service.go:132.2,132.26 1 1
github.com/fitglue/server/src/go/internal/user/service.go:135.122,136.22 1 1
github.com/fitglue/server/src/go/internal/user/service.go:136.22,138.3 1 1
github.com/fitglue/server/src/go/internal/user/service.go:140.2,141.16 2 1
github.com/fitglue/server/src/go/internal/user/service.go:141.16,144.3 2 1
github.com/fitglue/server/src/go/internal/user/service.go:146.2,146.61 1 1
github.com/fitglue/server/src/go/internal/user/service.go:149.112,150.45 1 1
github.com/fitglue/server/src/go/internal/user/service.go:150.45,152.3 1 1
github.com/fitglue/server/src/go/internal/user/service.go:154.2,155.16 2 1
github.com/fitglue/server/src/go/internal/user/service.go:155.16,158.3 2 1
github.com/fitglue/server/src/go/internal/user/service.go:160.2,160.21 1 1
github.com/fitglue/server/src/go/internal/user/service.go:163.142,164.22 1 1
github.com/fitglue/server/src/go/internal/user/service.go:164.22,166.3 1 1
github.com/fitglue/server/src/go/internal/user/service.go:168.2,169.16 2 1
github.com/fitglue/server/src/go/internal/user/service.go:169.16,172.3 2 1
github.com/fitglue/server/src/go/internal/user/service.go:174.2,174.19 1 1
github.com/fitglue/server/src/go/internal/user/service.go:177.148,178.42 1 1
github.com/fitglue/server/src/go/internal/user/service.go:178.42,180.3 1 1
github.com/fitglue/server/src/go/internal/user/service.go:182.2,183.16 2 1
github.com/fitglue/server/src/go/internal/user/service.go:183.16,186.3 2 1
github.com/fitglue/server/src/go/internal/user/service.go:188.2,188.23 1 1
github.com/fitglue/server/src/go/internal/user/service.go:191.128,192.22 1 1
github.com/fitglue/server/src/go/internal/user/service.go:192.22,194.3 1 1
github.com/fitglue/server/src/go/internal/user/service.go:196.2,197.16 2 1
github.com/fitglue/server/src/go/internal/user/service.go:197.16,200.3 2 1
github.com/fitglue/server/src/go/internal/user/service.go:202.2,204.8 1 1
github.com/fitglue/server/src/go/internal/user/service.go:207.110,208.22 1 1
github.com/fitglue/server/src/go/internal/user/service.go:208.22,210.3 1 1
github.com/fitglue/server/src/go/internal/user/service.go:212.2,213.16 2 1
github.com/fitglue/server/src/go/internal/user/service.go:213.16,216.3 2 1
github.com/fitglue/server/src/go/internal/user/service.go:218.2,218.21 1 1
github.com/fitglue/server/src/go/internal/user/service.go:221.113,222.64 1 1
github.com/fitglue/server/src/go/internal/user/service.go:222.64,224.3 1 1
github.com/fitglue/server/src/go/internal/user/service.go:226.2,227.16 2 1
github.com/fitglue/server/src/go/internal/user/service.go:227.16,230.3 2 1
github.com/fitglue/server/src/go/internal/user/service.go:232.2,232.30 1 1
github.com/fitglue/server/src/go/internal/user/service.go:235.119,236.45 1 1
github.com/fitglue/server/src/go/internal/user/service.go:236.45,238.3 1 1
github.com/fitglue/server/src/go/internal/user/service.go:240.2,241.16 2 1
github.com/fitglue/server/src/go/internal/user/service.go:241.16,244.3 2 1
github.com/fitglue/server/src/go/internal/user/service.go:246.2,246.30 1 1
github.com/fitglue/server/src/go/internal/user/service.go:249.127,250.22 1 1
github.com/fitglue/server/src/go/internal/user/service.go:250.22,252.3 1 1
github.com/fitglue/server/src/go/internal/user/service.go:254.2,255.16 2 1
github.com/fitglue/server/src/go/internal/user/service.go:255.16,258.3 2 1
github.com/fitglue/server/src/go/internal/user/service.go:260.2,260.67 1 1
github.com/fitglue/server/src/go/internal/user/service.go:260.67,262.3 1 1
github.com/fitglue/server/src/go/internal/user/service.go:264.2,264.30 1 1
github.com/fitglue/server/src/go/internal/user/service.go:264.30,266.3 1 1
github.com/fitglue/server/src/go/internal/user/service.go:268.2,274.16 3 1
github.com/fitglue/server/src/go/internal/user/service.go:274.16,277.3 2 1
github.com/fitglue/server/src/go/internal/user/service.go:279.2,282.16 3 1
github.com/fitglue/server/src/go/internal/user/service.go:282.16,285.3 2 1
github.com/fitglue/server/src/go/internal/user/service.go:287.2,288.30 2 1
github.com/fitglue/server/src/go/internal/user/service.go:291.129,292.21 1 1
github.com/fitglue/server/src/go/internal/user/service.go:292.21,294.3 1 1
github.com/fitglue/server/src/go/internal/user/service.go:296.2,302.16 3 1
github.com/fitglue/server/src/go/internal/user/service.go:302.16,306.3 2 1
github.com/fitglue/server/src/go/internal/user/service.go:308.2,311.16 3 1
github.com/fitglue/server/src/go/internal/user/service.go:311.16,314.3 2 1
github.com/fitglue/server/src/go/internal/user/service.go:316.2,317.30 2 1
github.com/fitglue/server/src/go/internal/user/service.go:320.139,321.44 1 1
github.com/fitglue/server/src/go/internal/user/service.go:321.44,323.3 1 1
github.com/fitglue/server/src/go/internal/user/service.go:327.2,328.106 2 1
github.com/fitglue/server/src/go/internal/user/service.go:331.117,332.22 1 1
github.com/fitglue/server/src/go/internal/user/service.go:332.22,334.3 1 1
github.com/fitglue/server/src/go/internal/user/service.go:336.2,337.16 2 1
github.com/fitglue/server/src/go/internal/user/service.go:337.16,340.3 2 1
github.com/fitglue/server/src/go/internal/user/service.go:342.2,342.67 1 1
github.com/fitglue/server/src/go/internal/user/service.go:342.67,344.3 1 1
github.com/fitglue/server/src/go/internal/user/service.go:346.2,349.16 3 1
github.com/fitglue/server/src/go/internal/user/service.go:349.16,352.3 2 1
github.com/fitglue/server/src/go/internal/user/service.go:354.2,355.30 2 1
github.com/fitglue/server/src/go/internal/user/service.go:358.139,364.28 4 1
github.com/fitglue/server/src/go/internal/user/service.go:364.28,367.17 2 1
github.com/fitglue/server/src/go/internal/user/service.go:367.17,369.4 1 1
github.com/fitglue/server/src/go/internal/user/service.go:370.3,371.25 2 1
github.com/fitglue/server/src/go/internal/user/service.go:372.8,376.3 2 1
github.com/fitglue/server/src/go/internal/user/service.go:378.2,379.16 2 1
github.com/fitglue/server/src/go/internal/user/service.go:379.16,382.3 2 1
github.com/fitglue/server/src/go/internal/user/service.go:384.2,387.29 3 1
github.com/fitglue/server/src/go/internal/user/service.go:387.29,394.21 3 1
github.com/fitglue/server/src/go/internal/user/service.go:394.21,397.4 2 1
github.com/fitglue/server/src/go/internal/user/service.go:397.9,399.27 2 1
github.com/fitglue/server/src/go/internal/user/service.go:399.27,401.5 1 0
github.com/fitglue/server/src/go/internal/user/service.go:404.3,404.41 1 1
github.com/fitglue/server/src/go/internal/user/service.go:407.2,410.19 3 1
github.com/fitglue/server/src/go/internal/user/service.go:410.19,412.3 1 1
github.com/fitglue/server/src/go/internal/user/service.go:414.2,417.25 3 1
github.com/fitglue/server/src/go/internal/user/service.go:417.25,419.3 1 1
github.com/fitglue/server/src/go/internal/user/service.go:419.8,419.32 1 1
github.com/fitglue/server/src/go/internal/user/service.go:419.32,421.3 1 1
github.com/fitglue/server/src/go/internal/user/service.go:421.8,423.3 1 1
github.com/fitglue/server/src/go/internal/user/service.go:425.2,428.16 3 1
github.com/fitglue/server/src/go/internal/user/service.go:428.16,431.3 2 1
github.com/fitglue/server/src/go/internal/user/service.go:433.2,434.30 2 1
